TN:
SF:src\modules\appointments\services\CreateAppointmentService.ts
FN:39,__decorate
FN:39,__metadata
FN:39,__param
FN:39,__awaiter
FN:39,adopt
FN:39,fulfilled
FN:39,rejected
FN:39,step
FN:39,__generator
FN:39,sent
FN:39,g.<computed>
FN:39,verb
FN:39,step
FN:39,__importDefault
FN:14,CreateAppointmentService
FN:19,CreateAppointmentService.execute
FNF:16
FNH:14
FNDA:1,__decorate
FNDA:1,__metadata
FNDA:1,__param
FNDA:3,__awaiter
FNDA:5,adopt
FNDA:5,fulfilled
FNDA:0,rejected
FNDA:7,step
FNDA:3,__generator
FNDA:5,sent
FNDA:0,g.<computed>
FNDA:9,verb
FNDA:8,step
FNDA:1,__importDefault
FNDA:2,CreateAppointmentService
FNDA:3,CreateAppointmentService.execute
DA:1,1
DA:2,1
DA:3,1
DA:4,1
DA:5,1
DA:6,1
DA:7,1
DA:8,1
DA:9,1
DA:10,1
DA:11,1
DA:12,1
DA:13,1
DA:14,1
DA:15,2
DA:16,2
DA:17,2
DA:18,1
DA:19,1
DA:20,3
DA:21,3
DA:22,3
DA:23,3
DA:24,3
DA:25,3
DA:26,1
DA:27,1
DA:28,2
DA:29,2
DA:30,2
DA:31,2
DA:32,2
DA:33,3
DA:34,3
DA:35,3
DA:36,3
DA:37,1
DA:38,1
DA:39,1
LF:39
LH:39
BRDA:39,0,0,1
BRDA:39,1,0,1
BRDA:39,2,0,0
BRDA:39,3,0,0
BRDA:39,4,0,0
BRDA:39,5,0,0
BRDA:39,6,0,1
BRDA:39,7,0,1
BRDA:39,8,0,1
BRDA:39,9,0,3
BRDA:39,10,0,5
BRDA:39,11,0,0
BRDA:39,12,0,3
BRDA:39,13,0,5
BRDA:39,14,0,4
BRDA:39,15,0,1
BRDA:39,16,0,7
BRDA:39,17,0,2
BRDA:39,18,0,5
BRDA:39,19,0,3
BRDA:39,20,0,5
BRDA:39,21,0,0
BRDA:39,22,0,9
BRDA:39,23,0,8
BRDA:39,24,0,8
BRDA:39,25,0,0
BRDA:39,26,0,16
BRDA:39,27,0,0
BRDA:39,28,0,0
BRDA:39,29,0,0
BRDA:39,30,0,0
BRDA:39,31,0,8
BRDA:39,32,0,8
BRDA:39,33,0,5
BRDA:39,34,0,0
BRDA:39,35,0,0
BRDA:39,36,0,3
BRDA:39,37,0,0
BRDA:39,38,0,2
BRDA:39,39,0,0
BRDA:39,40,0,0
BRDA:39,41,0,0
BRDA:39,42,0,0
BRDA:39,43,0,8
BRDA:39,44,0,7
BRDA:39,45,0,1
BRDA:39,46,0,8
BRDA:39,47,0,3
BRDA:39,48,0,1
BRDA:39,49,0,2
BRDA:39,50,0,0
BRDA:39,51,0,1
BRDA:39,52,0,0
BRDA:13,53,0,1
BRDA:14,54,0,2
BRDA:19,55,0,3
BRDA:39,56,0,3
BRDA:39,57,0,8
BRDA:39,58,0,3
BRDA:39,59,0,3
BRDA:25,60,0,1
BRDA:27,61,0,2
BRDA:39,62,0,2
BRF:63
BRH:43
end_of_record
TN:
SF:src\modules\users\services\AuthenticateUserService.ts
FN:59,__decorate
FN:59,__metadata
FN:59,__param
FN:59,__awaiter
FN:59,__generator
FN:59,__importDefault
FN:21,AuthenticateUserService
FN:30,AuthenticateUserService.execute
FNF:8
FNH:5
FNDA:1,__decorate
FNDA:1,__metadata
FNDA:2,__param
FNDA:0,__awaiter
FNDA:0,__generator
FNDA:2,__importDefault
FNDA:1,AuthenticateUserService
FNDA:0,AuthenticateUserService.execute
DA:1,1
DA:2,1
DA:3,1
DA:4,1
DA:5,1
DA:6,1
DA:7,1
DA:8,1
DA:9,1
DA:10,1
DA:11,1
DA:12,1
DA:13,1
DA:14,1
DA:15,1
DA:16,1
DA:17,1
DA:18,1
DA:19,1
DA:20,1
DA:21,1
DA:22,1
DA:23,1
DA:24,1
DA:25,1
DA:26,1
DA:27,1
DA:28,1
DA:29,1
DA:30,1
DA:31,0
DA:32,0
DA:33,0
DA:34,0
DA:35,0
DA:36,0
DA:37,0
DA:38,0
DA:39,0
DA:40,0
DA:41,0
DA:42,0
DA:43,0
DA:44,0
DA:45,0
DA:46,0
DA:47,0
DA:48,0
DA:49,0
DA:50,0
DA:51,0
DA:52,0
DA:53,0
DA:54,0
DA:55,0
DA:56,0
DA:57,1
DA:58,1
DA:59,1
LF:59
LH:33
BRDA:59,0,0,1
BRDA:59,1,0,1
BRDA:59,2,0,0
BRDA:59,3,0,0
BRDA:59,4,0,0
BRDA:59,5,0,0
BRDA:59,6,0,1
BRDA:59,7,0,2
BRDA:59,8,0,2
BRDA:59,9,0,2
BRDA:59,10,0,0
BRDA:19,11,0,1
BRDA:21,12,0,1
BRF:13
BRH:8
end_of_record
TN:
SF:src\modules\users\services\CreateUserService.ts
FN:45,__decorate
FN:45,__metadata
FN:45,__param
FN:45,__awaiter
FN:45,adopt
FN:45,fulfilled
FN:45,rejected
FN:45,step
FN:45,__generator
FN:45,sent
FN:45,g.<computed>
FN:45,verb
FN:45,step
FN:45,__importDefault
FN:16,CreateUserService
FN:24,CreateUserService.execute
FNF:16
FNH:15
FNDA:2,__decorate
FNDA:2,__metadata
FNDA:4,__param
FNDA:3,__awaiter
FNDA:6,adopt
FNDA:3,fulfilled
FNDA:3,rejected
FNDA:6,step
FNDA:3,__generator
FNDA:6,sent
FNDA:0,g.<computed>
FNDA:9,verb
FNDA:9,step
FNDA:2,__importDefault
FNDA:3,CreateUserService
FNDA:3,CreateUserService.execute
DA:1,1
DA:2,1
DA:3,1
DA:4,1
DA:5,1
DA:6,1
DA:7,1
DA:8,1
DA:9,1
DA:10,1
DA:11,1
DA:12,1
DA:13,1
DA:14,2
DA:15,2
DA:16,2
DA:17,3
DA:18,3
DA:19,3
DA:20,3
DA:21,3
DA:22,3
DA:23,2
DA:24,2
DA:25,3
DA:26,3
DA:27,3
DA:28,3
DA:29,0
DA:30,0
DA:31,3
DA:32,3
DA:33,3
DA:34,3
DA:35,3
DA:36,3
DA:37,3
DA:38,3
DA:39,3
DA:40,3
DA:41,3
DA:42,3
DA:43,2
DA:44,1
DA:45,1
LF:45
LH:43
BRDA:45,0,0,2
BRDA:45,1,0,2
BRDA:45,2,0,0
BRDA:45,3,0,0
BRDA:45,4,0,0
BRDA:45,5,0,0
BRDA:45,6,0,2
BRDA:45,7,0,4
BRDA:45,8,0,4
BRDA:45,9,0,3
BRDA:45,10,0,6
BRDA:45,11,0,0
BRDA:45,12,0,3
BRDA:45,13,0,3
BRDA:45,14,0,0
BRDA:45,15,0,3
BRDA:45,16,0,0
BRDA:45,17,0,6
BRDA:45,18,0,0
BRDA:45,19,0,3
BRDA:45,20,0,6
BRDA:45,21,0,3
BRDA:45,22,0,9
BRDA:45,23,0,9
BRDA:45,24,0,9
BRDA:45,25,0,0
BRDA:45,26,0,18
BRDA:45,27,0,0
BRDA:45,28,0,0
BRDA:45,29,0,0
BRDA:45,30,0,0
BRDA:45,31,0,6
BRDA:45,32,0,9
BRDA:45,33,0,6
BRDA:45,34,0,0
BRDA:45,35,0,0
BRDA:45,36,0,3
BRDA:45,37,0,0
BRDA:45,38,0,0
BRDA:45,39,0,0
BRDA:45,40,0,0
BRDA:45,41,0,0
BRDA:45,42,0,0
BRDA:45,43,0,9
BRDA:45,44,0,6
BRDA:45,45,0,3
BRDA:45,46,0,9
BRDA:45,47,0,3
BRDA:45,48,0,0
BRDA:45,49,0,0
BRDA:45,50,0,2
BRDA:45,51,0,0
BRDA:14,52,0,2
BRDA:16,53,0,3
BRDA:24,54,0,3
BRDA:45,55,0,3
BRDA:45,56,0,9
BRDA:26,57,0,3
BRDA:45,58,0,3
BRDA:28,59,0,0
BRDA:45,60,0,3
BRDA:45,61,0,0
BRF:62
BRH:36
end_of_record
TN:
SF:src\modules\users\services\UpdateUserAvatarService.ts
FN:1,(empty-report)
FNF:1
FNH:0
FNDA:0,(empty-report)
DA:1,0
DA:2,0
DA:3,0
DA:4,0
DA:5,0
DA:6,0
DA:7,0
DA:8,0
DA:9,0
DA:10,0
DA:11,0
DA:12,0
DA:13,0
DA:14,0
DA:15,0
DA:16,0
DA:17,0
DA:18,0
DA:19,0
DA:20,0
DA:21,0
DA:22,0
DA:23,0
DA:24,0
DA:25,0
DA:26,0
DA:27,0
DA:28,0
DA:29,0
DA:30,0
DA:31,0
DA:32,0
DA:33,0
DA:34,0
DA:35,0
DA:36,0
DA:37,0
DA:38,0
DA:39,0
DA:40,0
DA:41,0
DA:42,0
LF:42
LH:0
BRDA:1,0,0,0
BRF:1
BRH:0
end_of_record
